[2014-06-21 18:24:49] __rvm_set_executable
__rvm_set_executable () 
{ 
    for __file in "$@";
    do
        [[ -x "${__file}" ]] || chmod +x "${__file}";
    done
}
current path: /home/yunfei/.rvm/src/ruby-2.1.2
PATH=/usr/local/sbin:/usr/local/bin:/usr/sbin:/usr/bin:/sbin:/bin:/usr/games:/usr/local/games:/home/yunfei/.rvm/bin
command(9): __rvm_set_executable /home/yunfei/.rvm/rubies/ruby-2.1.2/bin/erb /home/yunfei/.rvm/rubies/ruby-2.1.2/bin/gem /home/yunfei/.rvm/rubies/ruby-2.1.2/bin/irb /home/yunfei/.rvm/rubies/ruby-2.1.2/bin/rake /home/yunfei/.rvm/rubies/ruby-2.1.2/bin/rdoc /home/yunfei/.rvm/rubies/ruby-2.1.2/bin/ri /home/yunfei/.rvm/rubies/ruby-2.1.2/bin/ruby /home/yunfei/.rvm/rubies/ruby-2.1.2/bin/testrb
++ for __file in '"$@"'
++ [[ -x /home/yunfei/.rvm/rubies/ruby-2.1.2/bin/erb ]]
++ for __file in '"$@"'
++ [[ -x /home/yunfei/.rvm/rubies/ruby-2.1.2/bin/gem ]]
++ for __file in '"$@"'
++ [[ -x /home/yunfei/.rvm/rubies/ruby-2.1.2/bin/irb ]]
++ for __file in '"$@"'
++ [[ -x /home/yunfei/.rvm/rubies/ruby-2.1.2/bin/rake ]]
++ for __file in '"$@"'
++ [[ -x /home/yunfei/.rvm/rubies/ruby-2.1.2/bin/rdoc ]]
++ for __file in '"$@"'
++ [[ -x /home/yunfei/.rvm/rubies/ruby-2.1.2/bin/ri ]]
++ for __file in '"$@"'
++ [[ -x /home/yunfei/.rvm/rubies/ruby-2.1.2/bin/ruby ]]
++ for __file in '"$@"'
++ [[ -x /home/yunfei/.rvm/rubies/ruby-2.1.2/bin/testrb ]]
