[2014-06-21 18:02:54] __rvm_package_extract
__rvm_package_extract () 
{ 
    rvm_debug __rvm_package_extract:$#: "$@";
    typeset __tempdir __path __file __return;
    __return=0;
    __tempdir="$( TMPDIR="${rvm_tmp_path}" mktemp -d -t rvm-tmp.XXXXXXXXX )";
    __rvm_package_extract_run "$1" "$__tempdir" || __return=$?;
    if (( __return == 0 )); then
        for __path in "$__tempdir"/*;
        do
            __file="${__path##*/}";
            if [[ -n "${__file}" && -e "$2/${__file}" ]]; then
                \rm -rf "$2/${__file}" || __return=$?;
            fi;
            \mv -f "${__path}" "$2/" || __return=$?;
        done;
    fi;
    if [[ -n "$__tempdir" ]]; then
        \rm -rf "$__tempdir";
    fi;
    return $__return
}
current path: /home/yunfei/.rvm/src
PATH=/usr/local/sbin:/usr/local/bin:/usr/sbin:/usr/bin:/sbin:/bin:/usr/games:/usr/local/games:/home/yunfei/.rvm/bin
command(3): __rvm_package_extract /home/yunfei/.rvm/archives/ruby-2.1.2.tar.bz2 /home/yunfei/.rvm/tmp/rvm_src_2062
++ rvm_debug __rvm_package_extract:2: /home/yunfei/.rvm/archives/ruby-2.1.2.tar.bz2 /home/yunfei/.rvm/tmp/rvm_src_2062
++ ((  0  ))
++ return 0
++ typeset __tempdir __path __file __return
++ __return=0
+++ TMPDIR=/home/yunfei/.rvm/tmp
+++ mktemp -d -t rvm-tmp.XXXXXXXXX
++ __tempdir=/home/yunfei/.rvm/tmp/rvm-tmp.aP2QbrlLD
++ __rvm_package_extract_run /home/yunfei/.rvm/archives/ruby-2.1.2.tar.bz2 /home/yunfei/.rvm/tmp/rvm-tmp.aP2QbrlLD
++ [[ -d /home/yunfei/.rvm/tmp/rvm-tmp.aP2QbrlLD ]]
++ case "$1" in
++ [[ -n '' ]]
++ __rvm_tar xjf /home/yunfei/.rvm/archives/ruby-2.1.2.tar.bz2 -C /home/yunfei/.rvm/tmp/rvm-tmp.aP2QbrlLD --no-same-owner
++ tar xjf /home/yunfei/.rvm/archives/ruby-2.1.2.tar.bz2 -C /home/yunfei/.rvm/tmp/rvm-tmp.aP2QbrlLD --no-same-owner
++ __rvm_fix_group_permissions /home/yunfei/.rvm/tmp/rvm-tmp.aP2QbrlLD/ruby-2.1.2
++ umask -S
++ __rvm_grep g=rw
++ GREP_OPTIONS=
++ grep g=rw
++ return 1
++ ((  __return == 0  ))
++ for __path in '"$__tempdir"/*'
++ __file=ruby-2.1.2
++ [[ -n ruby-2.1.2 ]]
++ [[ -e /home/yunfei/.rvm/tmp/rvm_src_2062/ruby-2.1.2 ]]
++ mv -f /home/yunfei/.rvm/tmp/rvm-tmp.aP2QbrlLD/ruby-2.1.2 /home/yunfei/.rvm/tmp/rvm_src_2062/
++ [[ -n /home/yunfei/.rvm/tmp/rvm-tmp.aP2QbrlLD ]]
++ rm -rf /home/yunfei/.rvm/tmp/rvm-tmp.aP2QbrlLD
++ return 0
